<?xml version="1.0" encoding="UTF-8"?>
<!-- Generated by org.testng.reporters.JUnitXMLReporter -->
<testsuite hostname="Jayarees-MacBook-Pro.local" ignored="0" name="Chrome" tests="22" failures="13" timestamp="20 Aug 2019 14:19:05 GMT" time="796.43" errors="0">
  <testcase name="i_am_not_a_user_of_agate_on_windsor_and_I_open_a_browser" time="1.566" classname="Stepdef.Windsor_Register"/>
  <testcase name="i_navigate_to_a_premium_article_on_windsor" time="88.5" classname="Stepdef.Windsor_Register"/>
  <testcase name="i_click_on_the_create_wallet_button_on_windsor" time="19.833" classname="Stepdef.Windsor_Register"/>
  <testcase name="i_verify_that_the_create_wallet_button_takes_me_to_the_reg_page_on_windsor" time="12.034" classname="Stepdef.Windsor_Register"/>
  <testcase name="i_enter_all_the_details_successfully_on_reg_page_on_windsor" time="47.245" classname="Stepdef.Windsor_Register"/>
  <testcase name="i_am_registered_as_an_agate_user_on_windsor_successfully_and_I_am_shown_a_first_use_notice" time="138.866" classname="Stepdef.Windsor_Register"/>
  <testcase name="i_am_a_registered_user_of_windsor_and_I_open_a_browser" time="1.072" classname="Stepdef.windsor_Login"/>
  <testcase name="i_navigate_to_a_premium_article_on_windsor" time="13.106" classname="Stepdef.windsor_Login">
    <failure type="java.lang.AssertionError">
      <![CDATA[java.lang.AssertionError: 
at Stepdef.windsor_Login.i_navigate_to_a_premium_article_on_windsor(windsor_Login.java:73)
... Removed 28 stack frames]]>
    </failure>
  </testcase> <!-- i_navigate_to_a_premium_article_on_windsor -->
  <testcase name="i_click_on_Login_from_windsor_First_use_notice" time="21.097" classname="Stepdef.windsor_Login"/>
  <testcase name="i_verify_that_the_Login_Button_Navigates_me_to_the_login_page_to_log_me_in_to_windsor" time="68.035" classname="Stepdef.windsor_Login">
    <failure type="org.openqa.selenium.TimeoutException" message="timeout: Timed out receiving message from renderer: 10.000
  (Session info: chrome=76.0.3809.100)
  (Driver info: chromedriver=2.43.600229 (3fae4d0cda5334b4f533bede5a4787f7b832d052),platform=Mac OS X 10.14.5 x86_64) (WARNING: The server did not provide any stacktrace information)
Command duration or timeout: 0 milliseconds
Build info: version: &amp;apos;3.141.59&amp;apos;, revision: &amp;apos;e82be7d358&amp;apos;, time: &amp;apos;2018-11-14T08:17:03&amp;apos;
System info: host: &amp;apos;Jayarees-MacBook-Pro.local&amp;apos;, ip: &amp;apos;fe80:0:0:0:10e4:d49a:494d:29c%en0&amp;apos;, os.name: &amp;apos;Mac OS X&amp;apos;, os.arch: &amp;apos;x86_64&amp;apos;, os.version: &amp;apos;10.14.5&amp;apos;, java.version: &amp;apos;1.8.0_191&amp;apos;
Driver info: org.openqa.selenium.chrome.ChromeDriver
Capabilities {acceptInsecureCerts: false, acceptSslCerts: false, applicationCacheEnabled: false, browserConnectionEnabled: false, browserName: chrome, chrome: {chromedriverVersion: 2.43.600229 (3fae4d0cda5334..., userDataDir: /var/folders/s6/h3svzd2j4f3...}, cssSelectorsEnabled: true, databaseEnabled: false, goog:chromeOptions: {debuggerAddress: localhost:53003}, handlesAlerts: true, hasTouchScreen: false, javascriptEnabled: true, locationContextEnabled: true, mobileEmulationEnabled: false, nativeEvents: true, networkConnectionEnabled: false, pageLoadStrategy: normal, platform: MAC, platformName: MAC, rotatable: false, setWindowRect: true, takesHeapSnapshot: true, takesScreenshot: true, unexpectedAlertBehaviour: , unhandledPromptBehavior: , version: 76.0.3809.100, webStorageEnabled: true}
Session ID: 71f2a1d20e6d0d4243ec3156d0847ddb">
      <![CDATA[org.openqa.selenium.TimeoutException: timeout: Timed out receiving message from renderer: 10.000
  (Session info: chrome=76.0.3809.100)
  (Driver info: chromedriver=2.43.600229 (3fae4d0cda5334b4f533bede5a4787f7b832d052),platform=Mac OS X 10.14.5 x86_64) (WARNING: The server did not provide any stacktrace information)
Command duration or timeout: 0 milliseconds
Build info: version: '3.141.59', revision: 'e82be7d358', time: '2018-11-14T08:17:03'
System info: host: 'Jayarees-MacBook-Pro.local', ip: 'fe80:0:0:0:10e4:d49a:494d:29c%en0', os.name: 'Mac OS X', os.arch: 'x86_64', os.version: '10.14.5', java.version: '1.8.0_191'
Driver info: org.openqa.selenium.chrome.ChromeDriver
Capabilities {acceptInsecureCerts: false, acceptSslCerts: false, applicationCacheEnabled: false, browserConnectionEnabled: false, browserName: chrome, chrome: {chromedriverVersion: 2.43.600229 (3fae4d0cda5334..., userDataDir: /var/folders/s6/h3svzd2j4f3...}, cssSelectorsEnabled: true, databaseEnabled: false, goog:chromeOptions: {debuggerAddress: localhost:53003}, handlesAlerts: true, hasTouchScreen: false, javascriptEnabled: true, locationContextEnabled: true, mobileEmulationEnabled: false, nativeEvents: true, networkConnectionEnabled: false, pageLoadStrategy: normal, platform: MAC, platformName: MAC, rotatable: false, setWindowRect: true, takesHeapSnapshot: true, takesScreenshot: true, unexpectedAlertBehaviour: , unhandledPromptBehavior: , version: 76.0.3809.100, webStorageEnabled: true}
Session ID: 71f2a1d20e6d0d4243ec3156d0847ddb
at org.openqa.selenium.remote.ErrorHandler.createThrowable(ErrorHandler.java:214)
at org.openqa.selenium.remote.ErrorHandler.throwIfResponseFailed(ErrorHandler.java:166)
at org.openqa.selenium.remote.http.JsonHttpResponseCodec.reconstructValue(JsonHttpResponseCodec.java:40)
at org.openqa.selenium.remote.http.AbstractHttpResponseCodec.decode(AbstractHttpResponseCodec.java:80)
at org.openqa.selenium.remote.http.AbstractHttpResponseCodec.decode(AbstractHttpResponseCodec.java:44)
at org.openqa.selenium.remote.HttpCommandExecutor.execute(HttpCommandExecutor.java:158)
at org.openqa.selenium.remote.service.DriverCommandExecutor.execute(DriverCommandExecutor.java:83)
at org.openqa.selenium.remote.RemoteWebDriver.execute(RemoteWebDriver.java:552)
at org.openqa.selenium.remote.RemoteWebDriver.execute(RemoteWebDriver.java:609)
at org.openqa.selenium.remote.RemoteWebDriver.getScreenshotAs(RemoteWebDriver.java:295)
at Stepdef.windsor_Login.i_verify_that_the_Login_Button_Navigates_me_to_the_login_page_to_log_me_in_to_windsor(windsor_Login.java:115)
... Removed 29 stack frames]]>
    </failure>
  </testcase> <!-- i_verify_that_the_Login_Button_Navigates_me_to_the_login_page_to_log_me_in_to_windsor -->
  <testcase name="entering_the_correct_email_and_password_logs_me_in_to_windsor" time="69.432" classname="Stepdef.windsor_Login">
    <failure type="org.openqa.selenium.TimeoutException" message="timeout: Timed out receiving message from renderer: 10.000
  (Session info: chrome=76.0.3809.100)
  (Driver info: chromedriver=2.43.600229 (3fae4d0cda5334b4f533bede5a4787f7b832d052),platform=Mac OS X 10.14.5 x86_64) (WARNING: The server did not provide any stacktrace information)
Command duration or timeout: 0 milliseconds
Build info: version: &amp;apos;3.141.59&amp;apos;, revision: &amp;apos;e82be7d358&amp;apos;, time: &amp;apos;2018-11-14T08:17:03&amp;apos;
System info: host: &amp;apos;Jayarees-MacBook-Pro.local&amp;apos;, ip: &amp;apos;fe80:0:0:0:10e4:d49a:494d:29c%en0&amp;apos;, os.name: &amp;apos;Mac OS X&amp;apos;, os.arch: &amp;apos;x86_64&amp;apos;, os.version: &amp;apos;10.14.5&amp;apos;, java.version: &amp;apos;1.8.0_191&amp;apos;
Driver info: org.openqa.selenium.chrome.ChromeDriver
Capabilities {acceptInsecureCerts: false, acceptSslCerts: false, applicationCacheEnabled: false, browserConnectionEnabled: false, browserName: chrome, chrome: {chromedriverVersion: 2.43.600229 (3fae4d0cda5334..., userDataDir: /var/folders/s6/h3svzd2j4f3...}, cssSelectorsEnabled: true, databaseEnabled: false, goog:chromeOptions: {debuggerAddress: localhost:53003}, handlesAlerts: true, hasTouchScreen: false, javascriptEnabled: true, locationContextEnabled: true, mobileEmulationEnabled: false, nativeEvents: true, networkConnectionEnabled: false, pageLoadStrategy: normal, platform: MAC, platformName: MAC, rotatable: false, setWindowRect: true, takesHeapSnapshot: true, takesScreenshot: true, unexpectedAlertBehaviour: , unhandledPromptBehavior: , version: 76.0.3809.100, webStorageEnabled: true}
Session ID: 71f2a1d20e6d0d4243ec3156d0847ddb">
      <![CDATA[org.openqa.selenium.TimeoutException: timeout: Timed out receiving message from renderer: 10.000
  (Session info: chrome=76.0.3809.100)
  (Driver info: chromedriver=2.43.600229 (3fae4d0cda5334b4f533bede5a4787f7b832d052),platform=Mac OS X 10.14.5 x86_64) (WARNING: The server did not provide any stacktrace information)
Command duration or timeout: 0 milliseconds
Build info: version: '3.141.59', revision: 'e82be7d358', time: '2018-11-14T08:17:03'
System info: host: 'Jayarees-MacBook-Pro.local', ip: 'fe80:0:0:0:10e4:d49a:494d:29c%en0', os.name: 'Mac OS X', os.arch: 'x86_64', os.version: '10.14.5', java.version: '1.8.0_191'
Driver info: org.openqa.selenium.chrome.ChromeDriver
Capabilities {acceptInsecureCerts: false, acceptSslCerts: false, applicationCacheEnabled: false, browserConnectionEnabled: false, browserName: chrome, chrome: {chromedriverVersion: 2.43.600229 (3fae4d0cda5334..., userDataDir: /var/folders/s6/h3svzd2j4f3...}, cssSelectorsEnabled: true, databaseEnabled: false, goog:chromeOptions: {debuggerAddress: localhost:53003}, handlesAlerts: true, hasTouchScreen: false, javascriptEnabled: true, locationContextEnabled: true, mobileEmulationEnabled: false, nativeEvents: true, networkConnectionEnabled: false, pageLoadStrategy: normal, platform: MAC, platformName: MAC, rotatable: false, setWindowRect: true, takesHeapSnapshot: true, takesScreenshot: true, unexpectedAlertBehaviour: , unhandledPromptBehavior: , version: 76.0.3809.100, webStorageEnabled: true}
Session ID: 71f2a1d20e6d0d4243ec3156d0847ddb
at org.openqa.selenium.remote.ErrorHandler.createThrowable(ErrorHandler.java:214)
at org.openqa.selenium.remote.ErrorHandler.throwIfResponseFailed(ErrorHandler.java:166)
at org.openqa.selenium.remote.http.JsonHttpResponseCodec.reconstructValue(JsonHttpResponseCodec.java:40)
at org.openqa.selenium.remote.http.AbstractHttpResponseCodec.decode(AbstractHttpResponseCodec.java:80)
at org.openqa.selenium.remote.http.AbstractHttpResponseCodec.decode(AbstractHttpResponseCodec.java:44)
at org.openqa.selenium.remote.HttpCommandExecutor.execute(HttpCommandExecutor.java:158)
at org.openqa.selenium.remote.service.DriverCommandExecutor.execute(DriverCommandExecutor.java:83)
at org.openqa.selenium.remote.RemoteWebDriver.execute(RemoteWebDriver.java:552)
at org.openqa.selenium.remote.RemoteWebDriver.execute(RemoteWebDriver.java:609)
at org.openqa.selenium.remote.RemoteWebDriver.getScreenshotAs(RemoteWebDriver.java:295)
at Elements.Login_Page_Elements.Login_Process(Login_Page_Elements.java:68)
at Stepdef.windsor_Login.entering_the_correct_email_and_password_logs_me_in_to_windsor(windsor_Login.java:143)
... Removed 29 stack frames]]>
    </failure>
  </testcase> <!-- entering_the_correct_email_and_password_logs_me_in_to_windsor -->
  <testcase name="verify_that_I_am_being_navigated_to_the_same_article_on_windsor" time="16.044" classname="Stepdef.windsor_Login">
    <failure type="org.openqa.selenium.NoSuchElementException" message="no such element: Unable to locate element: {&amp;quot;method&amp;quot;:&amp;quot;id&amp;quot;,&amp;quot;selector&amp;quot;:&amp;quot;iframe__inpage_notices&amp;quot;}
  (Session info: chrome=76.0.3809.100)
  (Driver info: chromedriver=2.43.600229 (3fae4d0cda5334b4f533bede5a4787f7b832d052),platform=Mac OS X 10.14.5 x86_64) (WARNING: The server did not provide any stacktrace information)
Command duration or timeout: 0 milliseconds
For documentation on this error, please visit: https://www.seleniumhq.org/exceptions/no_such_element.html
Build info: version: &amp;apos;3.141.59&amp;apos;, revision: &amp;apos;e82be7d358&amp;apos;, time: &amp;apos;2018-11-14T08:17:03&amp;apos;
System info: host: &amp;apos;Jayarees-MacBook-Pro.local&amp;apos;, ip: &amp;apos;fe80:0:0:0:10e4:d49a:494d:29c%en0&amp;apos;, os.name: &amp;apos;Mac OS X&amp;apos;, os.arch: &amp;apos;x86_64&amp;apos;, os.version: &amp;apos;10.14.5&amp;apos;, java.version: &amp;apos;1.8.0_191&amp;apos;
Driver info: org.openqa.selenium.chrome.ChromeDriver
Capabilities {acceptInsecureCerts: false, acceptSslCerts: false, applicationCacheEnabled: false, browserConnectionEnabled: false, browserName: chrome, chrome: {chromedriverVersion: 2.43.600229 (3fae4d0cda5334..., userDataDir: /var/folders/s6/h3svzd2j4f3...}, cssSelectorsEnabled: true, databaseEnabled: false, goog:chromeOptions: {debuggerAddress: localhost:53003}, handlesAlerts: true, hasTouchScreen: false, javascriptEnabled: true, locationContextEnabled: true, mobileEmulationEnabled: false, nativeEvents: true, networkConnectionEnabled: false, pageLoadStrategy: normal, platform: MAC, platformName: MAC, rotatable: false, setWindowRect: true, takesHeapSnapshot: true, takesScreenshot: true, unexpectedAlertBehaviour: , unhandledPromptBehavior: , version: 76.0.3809.100, webStorageEnabled: true}
Session ID: 71f2a1d20e6d0d4243ec3156d0847ddb
*** Element info: {Using=id, value=iframe__inpage_notices}">
      <![CDATA[org.openqa.selenium.NoSuchElementException: no such element: Unable to locate element: {"method":"id","selector":"iframe__inpage_notices"}
  (Session info: chrome=76.0.3809.100)
  (Driver info: chromedriver=2.43.600229 (3fae4d0cda5334b4f533bede5a4787f7b832d052),platform=Mac OS X 10.14.5 x86_64) (WARNING: The server did not provide any stacktrace information)
Command duration or timeout: 0 milliseconds
For documentation on this error, please visit: https://www.seleniumhq.org/exceptions/no_such_element.html
Build info: version: '3.141.59', revision: 'e82be7d358', time: '2018-11-14T08:17:03'
System info: host: 'Jayarees-MacBook-Pro.local', ip: 'fe80:0:0:0:10e4:d49a:494d:29c%en0', os.name: 'Mac OS X', os.arch: 'x86_64', os.version: '10.14.5', java.version: '1.8.0_191'
Driver info: org.openqa.selenium.chrome.ChromeDriver
Capabilities {acceptInsecureCerts: false, acceptSslCerts: false, applicationCacheEnabled: false, browserConnectionEnabled: false, browserName: chrome, chrome: {chromedriverVersion: 2.43.600229 (3fae4d0cda5334..., userDataDir: /var/folders/s6/h3svzd2j4f3...}, cssSelectorsEnabled: true, databaseEnabled: false, goog:chromeOptions: {debuggerAddress: localhost:53003}, handlesAlerts: true, hasTouchScreen: false, javascriptEnabled: true, locationContextEnabled: true, mobileEmulationEnabled: false, nativeEvents: true, networkConnectionEnabled: false, pageLoadStrategy: normal, platform: MAC, platformName: MAC, rotatable: false, setWindowRect: true, takesHeapSnapshot: true, takesScreenshot: true, unexpectedAlertBehaviour: , unhandledPromptBehavior: , version: 76.0.3809.100, webStorageEnabled: true}
Session ID: 71f2a1d20e6d0d4243ec3156d0847ddb
*** Element info: {Using=id, value=iframe__inpage_notices}
at org.openqa.selenium.remote.ErrorHandler.createThrowable(ErrorHandler.java:214)
at org.openqa.selenium.remote.ErrorHandler.throwIfResponseFailed(ErrorHandler.java:166)
at org.openqa.selenium.remote.http.JsonHttpResponseCodec.reconstructValue(JsonHttpResponseCodec.java:40)
at org.openqa.selenium.remote.http.AbstractHttpResponseCodec.decode(AbstractHttpResponseCodec.java:80)
at org.openqa.selenium.remote.http.AbstractHttpResponseCodec.decode(AbstractHttpResponseCodec.java:44)
at org.openqa.selenium.remote.HttpCommandExecutor.execute(HttpCommandExecutor.java:158)
at org.openqa.selenium.remote.service.DriverCommandExecutor.execute(DriverCommandExecutor.java:83)
at org.openqa.selenium.remote.RemoteWebDriver.execute(RemoteWebDriver.java:552)
at org.openqa.selenium.remote.RemoteWebDriver.findElement(RemoteWebDriver.java:323)
at org.openqa.selenium.remote.RemoteWebDriver.findElementById(RemoteWebDriver.java:372)
at org.openqa.selenium.By$ById.findElement(By.java:188)
at org.openqa.selenium.remote.RemoteWebDriver.findElement(RemoteWebDriver.java:315)
at Elements.Authorise_charge_notice_popbitch.authorise_charge_notice_click_continue(Authorise_charge_notice_popbitch.java:50)
at Stepdef.windsor_Login.verify_that_I_am_being_navigated_to_the_same_article_on_windsor(windsor_Login.java:162)
... Removed 29 stack frames]]>
    </failure>
  </testcase> <!-- verify_that_I_am_being_navigated_to_the_same_article_on_windsor -->
  <testcase name="i_am_a_registered_Agate_User_and_I_login_in_to_windsor" time="68.566" classname="Stepdef.Windsor_transaction"/>
  <testcase name="i_read_a_premium_article_on_windsor" time="38.12" classname="Stepdef.Windsor_transaction">
    <failure type="java.lang.AssertionError" message="expected:&amp;lt;0.2&amp;gt; but was:&amp;lt;0.0&amp;gt;">
      <![CDATA[java.lang.AssertionError: expected:<0.2> but was:<0.0>
at Stepdef.Windsor_transaction.i_read_a_premium_article_on_windsor(Windsor_transaction.java:140)
... Removed 29 stack frames]]>
    </failure>
  </testcase> <!-- i_read_a_premium_article_on_windsor -->
  <testcase name="the_popbitch_wallet_balance_is_updated_same_as_windsor_and_free_point_remains_uneffected" time="13.315" classname="Stepdef.Windsor_transaction">
    <failure type="java.lang.AssertionError" message="expected:&amp;lt;1.4&amp;gt; but was:&amp;lt;1.6&amp;gt;">
      <![CDATA[java.lang.AssertionError: expected:<1.4> but was:<1.6>
at Stepdef.Windsor_transaction.the_popbitch_wallet_balance_is_updated_same_as_windsor_and_free_point_remains_uneffected(Windsor_transaction.java:180)
... Removed 29 stack frames]]>
    </failure>
  </testcase> <!-- the_popbitch_wallet_balance_is_updated_same_as_windsor_and_free_point_remains_uneffected -->
  <testcase name="reaction_wallet_balance_is_updated_and_free_point_remains_uneffected_same_as_windsor" time="14.16" classname="Stepdef.Windsor_transaction">
    <failure type="java.lang.AssertionError" message="expected:&amp;lt;1.4&amp;gt; but was:&amp;lt;1.6&amp;gt;">
      <![CDATA[java.lang.AssertionError: expected:<1.4> but was:<1.6>
at Stepdef.Windsor_transaction.reaction_wallet_balance_is_updated_and_free_point_remains_uneffected_same_as_windsor(Windsor_transaction.java:240)
... Removed 29 stack frames]]>
    </failure>
  </testcase> <!-- reaction_wallet_balance_is_updated_and_free_point_remains_uneffected_same_as_windsor -->
  <testcase name="cricketer_wallet_balance_remains_and_is_uneffected_by_windsor" time="13.997" classname="Stepdef.Windsor_transaction">
    <failure type="java.lang.AssertionError" message="expected:&amp;lt;1.4&amp;gt; but was:&amp;lt;1.6&amp;gt;">
      <![CDATA[java.lang.AssertionError: expected:<1.4> but was:<1.6>
at Stepdef.Windsor_transaction.cricketer_wallet_balance_remains_and_is_uneffected_by_windsor(Windsor_transaction.java:305)
... Removed 29 stack frames]]>
    </failure>
  </testcase> <!-- cricketer_wallet_balance_remains_and_is_uneffected_by_windsor -->
  <testcase name="cornwall_wallet_balance_remains_and_is_uneffected_by_windsor" time="13.948" classname="Stepdef.Windsor_transaction">
    <failure type="java.lang.AssertionError" message="expected:&amp;lt;1.4&amp;gt; but was:&amp;lt;1.6&amp;gt;">
      <![CDATA[java.lang.AssertionError: expected:<1.4> but was:<1.6>
at Stepdef.Windsor_transaction.cornwall_wallet_balance_remains_and_is_uneffected_by_windsor(Windsor_transaction.java:366)
... Removed 29 stack frames]]>
    </failure>
  </testcase> <!-- cornwall_wallet_balance_remains_and_is_uneffected_by_windsor -->
  <testcase name="windsor_wallet_balance_remains_and_is_uneffected_by_windsor" time="13.67" classname="Stepdef.Windsor_transaction">
    <failure type="java.lang.AssertionError" message="expected:&amp;lt;1.4&amp;gt; but was:&amp;lt;1.6&amp;gt;">
      <![CDATA[java.lang.AssertionError: expected:<1.4> but was:<1.6>
at Stepdef.Windsor_transaction.windsor_wallet_balance_remains_and_is_uneffected_by_windsor(Windsor_transaction.java:427)
... Removed 29 stack frames]]>
    </failure>
  </testcase> <!-- windsor_wallet_balance_remains_and_is_uneffected_by_windsor -->
  <testcase name="slough_wallet_balance_remains_and_is_uneffected_by_windsor" time="89.729" classname="Stepdef.Windsor_transaction">
    <failure type="java.lang.AssertionError" message="expected:&amp;lt;1.4&amp;gt; but was:&amp;lt;1.6&amp;gt;">
      <![CDATA[java.lang.AssertionError: expected:<1.4> but was:<1.6>
at Stepdef.Windsor_transaction.slough_wallet_balance_remains_and_is_uneffected_by_windsor(Windsor_transaction.java:487)
... Removed 29 stack frames]]>
    </failure>
  </testcase> <!-- slough_wallet_balance_remains_and_is_uneffected_by_windsor -->
  <testcase name="slug_recognition_works_on_maidenhead_from_windsor" time="17.033" classname="Stepdef.Windsor_transaction">
    <failure type="java.lang.AssertionError" message="expected:&amp;lt;1.4&amp;gt; but was:&amp;lt;1.6&amp;gt;">
      <![CDATA[java.lang.AssertionError: expected:<1.4> but was:<1.6>
at Stepdef.Windsor_transaction.slug_recognition_works_on_maidenhead_from_windsor(Windsor_transaction.java:561)
... Removed 29 stack frames]]>
    </failure>
  </testcase> <!-- slug_recognition_works_on_maidenhead_from_windsor -->
  <testcase name="slug_recognition_works_on_Windsor_from_windsor" time="16.997" classname="Stepdef.Windsor_transaction">
    <failure type="java.lang.AssertionError" message="expected:&amp;lt;1.4&amp;gt; but was:&amp;lt;1.6&amp;gt;">
      <![CDATA[java.lang.AssertionError: expected:<1.4> but was:<1.6>
at Stepdef.Windsor_transaction.slug_recognition_works_on_Windsor_from_windsor(Windsor_transaction.java:616)
... Removed 29 stack frames]]>
    </failure>
  </testcase> <!-- slug_recognition_works_on_Windsor_from_windsor -->
</testsuite> <!-- Chrome -->
