<?xml version="1.0" encoding="UTF-8"?>
<!-- Generated by org.testng.reporters.JUnitXMLReporter -->
<testsuite hostname="Jayarees-MacBook-Pro.local" ignored="0" name="Chrome" tests="21" failures="1" timestamp="19 Aug 2019 09:08:10 GMT" time="377.674" errors="0">
  <testcase name="i_am_not_a_user_of_Agate_I_open_a_browser" time="1.417" classname="Stepdef.Popbitch_register_First_Use_notice"/>
  <testcase name="i_navigate_to_popbitch_com_from_the_browser" time="5.275" classname="Stepdef.Popbitch_register_First_Use_notice"/>
  <testcase name="i_click_on_the_create_agate_wallet_from_the_first_use_notice" time="12.405" classname="Stepdef.Popbitch_register_First_Use_notice"/>
  <testcase name="i_verify_that_the_create_wallet_button_navigates_me_to_the_sign_up_page" time="32.872" classname="Stepdef.Popbitch_register_First_Use_notice"/>
  <testcase name="i_enter_the_correct_details_and_hit_the_Register_button" time="41.363" classname="Stepdef.Popbitch_register_First_Use_notice"/>
  <testcase name="i_login_successfully" time="5.025" classname="Stepdef.Popbitch_register_First_Use_notice"/>
  <testcase name="finish_Notice_appears" time="24.642" classname="Stepdef.Popbitch_register_First_Use_notice"/>
  <testcase name="finish_notice_elements_are_displayed" time="43.776" classname="Stepdef.Popbitch_register_First_Use_notice"/>
  <testcase name="i_am_a_registered_user_I_open_the_browser" time="0.903" classname="Stepdef.Popbitch_login_First_Use_Notice"/>
  <testcase name="i_navigate_to_popbitch_com" time="5.672" classname="Stepdef.Popbitch_login_First_Use_Notice"/>
  <testcase name="i_Click_on_Login_to_Agate_from_the_Pop_Bitch_First_use_notice" time="20.178" classname="Stepdef.Popbitch_login_First_Use_Notice"/>
  <testcase name="i_verify_that_the_Login_Button_Navigates_me_to_the_login_page" time="10.417" classname="Stepdef.Popbitch_login_First_Use_Notice"/>
  <testcase name="i_Login_with_correct_Details" time="7.987" classname="Stepdef.Popbitch_login_First_Use_Notice"/>
  <testcase name="i_verify_that_I_am_navigated_to_the_full_article" time="46.472" classname="Stepdef.Popbitch_login_First_Use_Notice"/>
  <testcase name="i_am_a_registered_Agate_User_and_I_login_in_to_popbitch_staging_with_username_as_and_password_as" time="52.22" classname="Stepdef.popbitch_transaction"/>
  <testcase name="i_read_a_premium_article" time="12.976" classname="Stepdef.popbitch_transaction"/>
  <testcase name="the_wallet_balance_and_free_point_are_deducted_by_p" time="10.144" classname="Stepdef.popbitch_transaction"/>
  <testcase name="the_New_European_wallet_balance_is_updated_same_as_popbitch_and_free_point_remains_uneffected" time="0.001" classname="Stepdef.popbitch_transaction"/>
  <testcase name="reactions_wallet_balance_is_updated_and_free_point_remains_uneffected" time="14.473" classname="Stepdef.popbitch_transaction"/>
  <testcase name="Cornwall_wallet_balance_is_updated_and_free_point_remains_uneffected" time="14.199" classname="Stepdef.popbitch_transaction">
    <failure type="java.lang.AssertionError" message="expected:&amp;lt;1.00&amp;gt; but was:&amp;lt;60&amp;gt;">
      <![CDATA[java.lang.AssertionError: expected:<1.00> but was:<60>
at Stepdef.popbitch_transaction.Cornwall_wallet_balance_is_updated_and_free_point_remains_uneffected(popbitch_transaction.java:319)
... Removed 27 stack frames]]>
    </failure>
  </testcase> <!-- Cornwall_wallet_balance_is_updated_and_free_point_remains_uneffected -->
  <testcase name="cricketer_wallet_balance_remains_and_is_uneffected" time="15.206" classname="Stepdef.popbitch_transaction"/>
</testsuite> <!-- Chrome -->
